<?xml version="1.0" encoding="UTF-8"?>
<!-- Generated by org.testng.reporters.JUnitReportReporter -->
<testsuite skipped="0" hostname="Jayarees-MacBook-Pro.local" name="Stepdef.Popbitch_register_First_Use_notice" tests="8" failures="0" timestamp="22 Aug 2019 20:01:00 GMT" time="158.459" errors="0">
  <testcase name="i_am_not_a_user_of_Agate_I_open_a_browser" time="2.101" classname="Stepdef.Popbitch_register_First_Use_notice"/>
  <testcase name="i_navigate_to_popbitch_com_from_the_browser" time="8.190" classname="Stepdef.Popbitch_register_First_Use_notice"/>
  <testcase name="i_click_on_the_create_agate_wallet_from_the_first_use_notice" time="11.170" classname="Stepdef.Popbitch_register_First_Use_notice"/>
  <testcase name="i_verify_that_the_create_wallet_button_navigates_me_to_the_sign_up_page" time="29.062" classname="Stepdef.Popbitch_register_First_Use_notice"/>
  <testcase name="i_enter_the_correct_details_and_hit_the_Register_button" time="40.161" classname="Stepdef.Popbitch_register_First_Use_notice"/>
  <testcase name="i_login_successfully" time="5.018" classname="Stepdef.Popbitch_register_First_Use_notice"/>
  <testcase name="finish_Notice_appears" time="23.249" classname="Stepdef.Popbitch_register_First_Use_notice"/>
  <testcase name="finish_notice_elements_are_displayed" time="39.508" classname="Stepdef.Popbitch_register_First_Use_notice"/>
</testsuite> <!-- Stepdef.Popbitch_register_First_Use_notice -->
