<?xml version="1.0" encoding="UTF-8"?>
<!-- Generated by org.testng.reporters.JUnitReportReporter -->
<testsuite skipped="0" hostname="Jayarees-MacBook-Pro.local" name="Stepdef.Reaction_register_first_use_notice" tests="1" failures="0" timestamp="21 Aug 2019 08:58:25 GMT" time="0.816" errors="0">
  <testcase name="i_am_not_a_user_of_agate_on_reaction_and_I_open_a_browser" time="0.816" classname="Stepdef.Reaction_register_first_use_notice"/>
</testsuite> <!-- Stepdef.Reaction_register_first_use_notice -->
