<?xml version="1.0" encoding="UTF-8"?>
<!-- Generated by org.testng.reporters.JUnitReportReporter -->
<testsuite skipped="0" hostname="Jayarees-MacBook-Pro.local" name="Stepdef.Reaction_Transaction" tests="6" failures="0" timestamp="31 Oct 2019 12:58:24 GMT" time="226.940" errors="0">
  <testcase name="i_am_a_registered_Agate_User_and_I_login_in_to_Reaction" time="76.642" classname="Stepdef.Reaction_Transaction"/>
  <testcase name="i_read_a_premium_article_on_reaction" time="37.900" classname="Stepdef.Reaction_Transaction"/>
  <testcase name="the_wallet_balance_and_free_point_are_deducted_by_x_amount_on_reaction_wallet" time="50.695" classname="Stepdef.Reaction_Transaction"/>
  <testcase name="the_popbitch_wallet_balance_is_updated_same_as_reaction_and_free_point_remains_uneffected" time="20.359" classname="Stepdef.Reaction_Transaction"/>
  <testcase name="cricketer_wallet_balance_is_updated_and_free_point_remains_uneffected" time="20.930" classname="Stepdef.Reaction_Transaction"/>
  <testcase name="Cornwall_wallet_balance_remains_and_is_uneffected" time="20.414" classname="Stepdef.Reaction_Transaction"/>
</testsuite> <!-- Stepdef.Reaction_Transaction -->
