<?xml version="1.0" encoding="UTF-8"?>
<!-- Generated by org.testng.reporters.JUnitReportReporter -->
<testsuite skipped="0" hostname="Jayarees-MacBook-Pro.local" name="Stepdef.Popbitch_login_First_Use_Notice" tests="6" failures="0" timestamp="03 Sep 2019 08:38:13 GMT" time="83.653" errors="0">
  <testcase name="i_am_a_registered_user_I_open_the_browser" time="0.833" classname="Stepdef.Popbitch_login_First_Use_Notice"/>
  <testcase name="i_navigate_to_popbitch_com" time="6.681" classname="Stepdef.Popbitch_login_First_Use_Notice"/>
  <testcase name="i_Click_on_Login_to_Agate_from_the_Pop_Bitch_First_use_notice" time="20.187" classname="Stepdef.Popbitch_login_First_Use_Notice"/>
  <testcase name="i_verify_that_the_Login_Button_Navigates_me_to_the_login_page" time="10.019" classname="Stepdef.Popbitch_login_First_Use_Notice"/>
  <testcase name="i_Login_with_correct_Details" time="6.449" classname="Stepdef.Popbitch_login_First_Use_Notice"/>
  <testcase name="i_verify_that_I_am_navigated_to_the_full_article" time="39.484" classname="Stepdef.Popbitch_login_First_Use_Notice"/>
</testsuite> <!-- Stepdef.Popbitch_login_First_Use_Notice -->
