<?xml version="1.0" encoding="UTF-8"?>
<!-- Generated by org.testng.reporters.JUnitReportReporter -->
<testsuite skipped="0" hostname="Jayarees-MacBook-Pro.local" name="Stepdef.Grantham_Register" tests="6" failures="0" timestamp="09 Oct 2019 16:08:04 GMT" time="159.158" errors="0">
  <testcase name="i_am_not_a_user_of_agate_on_grantham_and_I_open_a_browser" time="1.815" classname="Stepdef.Grantham_Register"/>
  <testcase name="i_navigate_to_a_premium_article_on_grantham" time="11.641" classname="Stepdef.Grantham_Register"/>
  <testcase name="i_click_on_the_create_wallet_button_on_grantham" time="23.280" classname="Stepdef.Grantham_Register"/>
  <testcase name="i_verify_that_the_create_wallet_button_takes_me_to_the_reg_page_on_grantham" time="12.040" classname="Stepdef.Grantham_Register"/>
  <testcase name="i_enter_all_the_details_successfully_on_reg_page_of_grantham" time="56.413" classname="Stepdef.Grantham_Register"/>
  <testcase name="i_am_registered_as_an_agate_user_on_grantham_successfully_and_I_am_shown_a_first_use_notice" time="53.969" classname="Stepdef.Grantham_Register"/>
</testsuite> <!-- Stepdef.Grantham_Register -->
